Flow report for YoshiGame
Wed Jan 16 14:26:09 2019
Quartus Prime Version 16.1.2 Build 203 01/18/2017 SJ Lite Edition


---------------------
; Table of Contents ;
---------------------
  1. Legal Notice
  2. Flow Summary
  3. Flow Settings
  4. Flow Non-Default Global Settings
  5. Flow Elapsed Time
  6. Flow OS Summary
  7. Flow Log
  8. Flow Messages
  9. Flow Suppressed Messages



----------------
; Legal Notice ;
----------------
Copyright (C) 2017  Intel Corporation. All rights reserved.
Your use of Intel Corporation's design tools, logic functions 
and other software and tools, and its AMPP partner logic 
functions, and any output files from any of the foregoing 
(including device programming or simulation files), and any 
associated documentation or information are expressly subject 
to the terms and conditions of the Intel Program License 
Subscription Agreement, the Intel Quartus Prime License Agreement,
the Intel MegaCore Function License Agreement, or other 
applicable license agreement, including, without limitation, 
that your use is for the sole purpose of programming logic 
devices manufactured by Intel and sold by Intel or its 
authorized distributors.  Please refer to the applicable 
agreement for further details.



+----------------------------------------------------------------------------------+
; Flow Summary                                                                     ;
+------------------------------------+---------------------------------------------+
; Flow Status                        ; Successful - Wed Jan 16 14:26:09 2019       ;
; Quartus Prime Version              ; 16.1.2 Build 203 01/18/2017 SJ Lite Edition ;
; Revision Name                      ; YoshiGame                                   ;
; Top-level Entity Name              ; display_top                                 ;
; Family                             ; Cyclone IV E                                ;
; Device                             ; EP4CE6E22C8                                 ;
; Timing Models                      ; Final                                       ;
; Total logic elements               ; 3,461 / 6,272 ( 55 % )                      ;
;     Total combinational functions  ; 3,389 / 6,272 ( 54 % )                      ;
;     Dedicated logic registers      ; 667 / 6,272 ( 11 % )                        ;
; Total registers                    ; 667                                         ;
; Total pins                         ; 31 / 92 ( 34 % )                            ;
; Total virtual pins                 ; 0                                           ;
; Total memory bits                  ; 206,848 / 276,480 ( 75 % )                  ;
; Embedded Multiplier 9-bit elements ; 0 / 30 ( 0 % )                              ;
; Total PLLs                         ; 1 / 2 ( 50 % )                              ;
+------------------------------------+---------------------------------------------+


+-----------------------------------------+
; Flow Settings                           ;
+-------------------+---------------------+
; Option            ; Setting             ;
+-------------------+---------------------+
; Start date & time ; 01/16/2019 14:24:14 ;
; Main task         ; Compilation         ;
; Revision Name     ; YoshiGame           ;
+-------------------+---------------------+


+----------------------------------------------------------------------------------------------------------------------------------+
; Flow Non-Default Global Settings                                                                                                 ;
+--------------------------------------+--------------------------------------------+---------------+-------------+----------------+
; Assignment Name                      ; Value                                      ; Default Value ; Entity Name ; Section Id     ;
+--------------------------------------+--------------------------------------------+---------------+-------------+----------------+
; ALLOW_ANY_ROM_SIZE_FOR_RECOGNITION   ; On                                         ; Off           ; --          ; --             ;
; COMPILER_SIGNATURE_ID                ; 154414180904924.154764505429380            ; --            ; --          ; --             ;
; EDA_OUTPUT_DATA_FORMAT               ; Verilog Hdl                                ; --            ; --          ; eda_simulation ;
; EDA_SIMULATION_TOOL                  ; ModelSim-Altera (Verilog)                  ; <None>        ; --          ; --             ;
; EDA_TIME_SCALE                       ; 1 ps                                       ; --            ; --          ; eda_simulation ;
; FITTER_EFFORT                        ; Standard Fit                               ; Auto Fit      ; --          ; --             ;
; MAX_CORE_JUNCTION_TEMP               ; 85                                         ; --            ; --          ; --             ;
; MIN_CORE_JUNCTION_TEMP               ; 0                                          ; --            ; --          ; --             ;
; MISC_FILE                            ; ../modified/pll_bb.v                       ; --            ; --          ; --             ;
; MISC_FILE                            ; ../modified/pll.ppf                        ; --            ; --          ; --             ;
; MISC_FILE                            ; ../modified/MK9_yoshi_rom_bb.v             ; --            ; --          ; --             ;
; MISC_FILE                            ; ../modified/MK9_yoshi_ghost_rom_bb.v       ; --            ; --          ; --             ;
; MISC_FILE                            ; ../modified/MK9_walls_rom_bb.v             ; --            ; --          ; --             ;
; MISC_FILE                            ; ../modified/MK9_numbers_rom_bb.v           ; --            ; --          ; --             ;
; MISC_FILE                            ; ../modified/MK9_hearts_rom_bb.v            ; --            ; --          ; --             ;
; MISC_FILE                            ; ../modified/MK9_ghost_normal_rom_bb.v      ; --            ; --          ; --             ;
; MISC_FILE                            ; ../modified/MK9_ghost_crazy_rom_bb.v       ; --            ; --          ; --             ;
; MISC_FILE                            ; ../modified/MK9_gameover_rom_bb.v          ; --            ; --          ; --             ;
; MISC_FILE                            ; ../modified/MK9_game_logo_small_rom_bb.v   ; --            ; --          ; --             ;
; MISC_FILE                            ; ../modified/MK9_game_logo_small_2_rom_bb.v ; --            ; --          ; --             ;
; MISC_FILE                            ; ../modified/MK9_game_logo_rom_bb.v         ; --            ; --          ; --             ;
; MISC_FILE                            ; ../modified/MK9_eggs_rom_bb.v              ; --            ; --          ; --             ;
; MISC_FILE                            ; ../modified/MK9_blocks_rom_bb.v            ; --            ; --          ; --             ;
; MUX_RESTRUCTURE                      ; Off                                        ; Auto          ; --          ; --             ;
; OPTIMIZATION_MODE                    ; Aggressive Performance                     ; Balanced      ; --          ; --             ;
; OUTPUT_IO_TIMING_FAR_END_VMEAS       ; Half Signal Swing                          ; --            ; --          ; --             ;
; OUTPUT_IO_TIMING_FAR_END_VMEAS       ; Half Signal Swing                          ; --            ; --          ; --             ;
; OUTPUT_IO_TIMING_NEAR_END_VMEAS      ; Half Vccio                                 ; --            ; --          ; --             ;
; OUTPUT_IO_TIMING_NEAR_END_VMEAS      ; Half Vccio                                 ; --            ; --          ; --             ;
; PARTITION_COLOR                      ; -- (Not supported for targeted family)     ; --            ; display_top ; Top            ;
; PARTITION_COLOR                      ; -- (Not supported for targeted family)     ; --            ; top         ; Top            ;
; PARTITION_FITTER_PRESERVATION_LEVEL  ; -- (Not supported for targeted family)     ; --            ; display_top ; Top            ;
; PARTITION_FITTER_PRESERVATION_LEVEL  ; -- (Not supported for targeted family)     ; --            ; top         ; Top            ;
; PARTITION_NETLIST_TYPE               ; -- (Not supported for targeted family)     ; --            ; display_top ; Top            ;
; PARTITION_NETLIST_TYPE               ; -- (Not supported for targeted family)     ; --            ; top         ; Top            ;
; PHYSICAL_SYNTHESIS_COMBO_LOGIC       ; On                                         ; Off           ; --          ; --             ;
; PHYSICAL_SYNTHESIS_REGISTER_RETIMING ; On                                         ; Off           ; --          ; --             ;
; PLACEMENT_EFFORT_MULTIPLIER          ; 4.0                                        ; 1.0           ; --          ; --             ;
; POWER_BOARD_THERMAL_MODEL            ; None (CONSERVATIVE)                        ; --            ; --          ; --             ;
; POWER_PRESET_COOLING_SOLUTION        ; 23 MM HEAT SINK WITH 200 LFPM AIRFLOW      ; --            ; --          ; --             ;
; PROJECT_OUTPUT_DIRECTORY             ; output_files                               ; --            ; --          ; --             ;
; ROUTER_TIMING_OPTIMIZATION_LEVEL     ; MAXIMUM                                    ; Normal        ; --          ; --             ;
; SEARCH_PATH                          ; ../quartus                                 ; --            ; --          ; --             ;
; SMART_RECOMPILE                      ; On                                         ; Off           ; --          ; --             ;
; TOP_LEVEL_ENTITY                     ; display_top                                ; YoshiGame     ; --          ; --             ;
; VERILOG_SHOW_LMF_MAPPING_MESSAGES    ; Off                                        ; --            ; --          ; --             ;
+--------------------------------------+--------------------------------------------+---------------+-------------+----------------+


+-------------------------------------------------------------------------------------------------------------------------------+
; Flow Elapsed Time                                                                                                             ;
+---------------------------+--------------+-------------------------+---------------------+------------------------------------+
; Module Name               ; Elapsed Time ; Average Processors Used ; Peak Virtual Memory ; Total CPU Time (on all processors) ;
+---------------------------+--------------+-------------------------+---------------------+------------------------------------+
; Analysis & Synthesis      ; 00:00:30     ; 1.0                     ; 1058 MB             ; 00:00:50                           ;
; Fitter                    ; 00:01:09     ; 1.0                     ; 1177 MB             ; 00:01:23                           ;
; Assembler                 ; 00:00:01     ; 1.0                     ; 820 MB              ; 00:00:01                           ;
; TimeQuest Timing Analyzer ; 00:00:05     ; 1.2                     ; 840 MB              ; 00:00:05                           ;
; EDA Netlist Writer        ; 00:00:05     ; 1.0                     ; 1090 MB             ; 00:00:05                           ;
; Total                     ; 00:01:50     ; --                      ; --                  ; 00:02:24                           ;
+---------------------------+--------------+-------------------------+---------------------+------------------------------------+


+-------------------------------------------------------------------------------------------+
; Flow OS Summary                                                                           ;
+---------------------------+-----------------------+---------+------------+----------------+
; Module Name               ; Machine Hostname      ; OS Name ; OS Version ; Processor type ;
+---------------------------+-----------------------+---------+------------+----------------+
; Analysis & Synthesis      ; localhost.localdomain ; This is ; This is    ; x86_64         ;
; Fitter                    ; localhost.localdomain ; This is ; This is    ; x86_64         ;
; Assembler                 ; localhost.localdomain ; This is ; This is    ; x86_64         ;
; TimeQuest Timing Analyzer ; localhost.localdomain ; This is ; This is    ; x86_64         ;
; EDA Netlist Writer        ; localhost.localdomain ; This is ; This is    ; x86_64         ;
+---------------------------+-----------------------+---------+------------+----------------+


------------
; Flow Log ;
------------
quartus_map --read_settings_files=on --write_settings_files=off YoshiGame -c YoshiGame
quartus_fit --read_settings_files=off --write_settings_files=off YoshiGame -c YoshiGame
quartus_asm --read_settings_files=off --write_settings_files=off YoshiGame -c YoshiGame
quartus_sta YoshiGame -c YoshiGame
quartus_eda --read_settings_files=off --write_settings_files=off YoshiGame -c YoshiGame



